<?xml version="1.0" encoding="UTF-8"?>
<!-- Generated by org.testng.reporters.JUnitXMLReporter -->
<testsuite ignored="0" hostname="LAPTOP-86P31LN5" failures="1" tests="3" name="Test" time="44.324" errors="0" timestamp="2023-01-12T09:33:34 IST">
  <testcase classname="testcase.TestCase2" name="doSearch" time="3.261">
    <failure type="java.lang.AssertionError" message="expected [Sselenium - Google Search] but found [selenium - Google Search]">
      <![CDATA[java.lang.AssertionError: expected [Sselenium - Google Search] but found [selenium - Google Search]
at testcase.TestCase2.doSearch(TestCase2.java:45)
at java.base/java.util.ArrayList.forEach(ArrayList.java:1511)
... Removed 31 stack frames]]>
    </failure>
  </testcase> <!-- doSearch -->
  <testcase classname="testcase.TestCase2" name="doImFeelingLucky" time="5.878"/>
  <testcase classname="testcase.TestCase2" name="isSkip" time="0.001">
    <skipped/>
  </testcase> <!-- isSkip -->
</testsuite> <!-- Test -->
